VirtualBox COM Server 5.0.14_OSE r105127 win.amd64 (Oct 21 2019 14:18:40) release log
00:00:00.002977 main     Log opened 2020-10-12T01:04:18.788741100Z
00:00:00.002977 main     Build Type: release
00:00:00.002977 main     OS Product: Windows 10
00:00:00.002977 main     OS Release: 10.0.18362
00:00:00.002977 main     OS Service Pack: 
00:00:00.016933 main     DMI Product Name: Surface Pro 7
00:00:00.025904 main     DMI Product Version: 124I:00046T:000M:0100000D:0B:07F:0C:05P:48S:1E:0Y:0K:0U:06R:0
00:00:00.025904 main     Host RAM: 7782MB total, 4395MB available
00:00:00.025904 main     Executable: C:\Program Files (x86)\MuMuVbox\hypervisor\NeumSVC.exe
00:00:00.025904 main     Process ID: 7844
00:00:00.025904 main     Package type: WINDOWS_64BITS_GENERIC (OSE)
00:00:00.027897          Home directory: 'C:\Users\guoxi/.NEUM'
00:00:00.028890          Loading settings file "C:\Users\guoxi/.NEUM\VirtualBox.xml" with version "1.12-windows"
00:00:00.029887          USBLibInit: USB Service not found
00:00:00.097660          netIfGetBoundAdapters: could not find either 'oracle_NeumNetLwf' or 'sun_NeumNetFlt' components (0x1)
00:00:00.105638          HostDnsMonitor: old information
00:00:00.105638            no server entries
00:00:00.105638            no search string entries
00:00:00.105638            no domain set
00:00:00.105638          HostDnsMonitor: new information
00:00:00.105638            server 1: 10.16.8.88
00:00:00.105638            server 2: 10.16.16.16
00:00:00.105638            no search string entries
00:00:00.105638            no domain set
00:00:00.105638          HostDnsMonitorProxy::notify
00:00:00.106631          VD: VDInit finished
00:00:00.106631          ERROR [COM]: aRC=E_FAIL (0x80004005) aIID={0eb668d2-795e-7a36-8890-29999b5f030c} aComponent={SystemPropertiesWrap} aText={Cannot determine default Guest Additions ISO location. Most likely they are not available}, preserve=false aResultDetail=0
00:00:00.108624          Loading settings file "C:\Program Files (x86)\MuMu a\mumu3\Engine\NEMU_ENGINE\SHELL\6.0\x86_64\master\#0\vms\assistant-6.0-x64\assistant-6.0-x64\assistant-6.0-x64.neum" with version "1.15-windows"
00:00:00.116599          Loading settings file "C:\Program Files (x86)\MuMu a\mumu3\Engine\NEMU_ENGINE\SHELL\6.0\x86\master\#0\vms\assistant-6.0-x86\assistant-6.0-x86\assistant-6.0-x86.neum" with version "1.15-windows"
00:00:00.997625          ERROR [COM]: aRC=NEUM_E_OBJECT_NOT_FOUND (0x80bb0001) aIID={f30138d4-e5ea-7b3a-8858-a059de4c93fd} aComponent={SessionMachine} aText={Could not find a shared folder named 'MuMu共享文件夹'}, preserve=false aResultDetail=0
00:00:01.379718          WARNING [COM]: aRC=E_FAIL (0x80004005) aIID={afca788c-7477-787d-60b2-3fa70e56fbbc} aComponent={HostWrap} aText={Could not load the Host USB Proxy Service (VERR_FILE_NOT_FOUND). The service might not be installed on the host computer}, preserve=true  aResultDetail=0
00:00:01.960555          ERROR [COM]: aRC=NEUM_E_INVALID_OBJECT_STATE (0x80bb0007) aIID={f30138d4-e5ea-7b3a-8858-a059de4c93fd} aComponent={MachineWrap} aText={The given session is busy}, preserve=false aResultDetail=0
01:41:11.128021          ERROR [COM]: aRC=NEUM_E_OBJECT_NOT_FOUND (0x80bb0001) aIID={f30138d4-e5ea-7b3a-8858-a059de4c93fd} aComponent={SessionMachine} aText={Could not find a shared folder named 'MuMu共享文件夹'}, preserve=false aResultDetail=0
01:41:12.171803          WARNING [COM]: aRC=E_FAIL (0x80004005) aIID={afca788c-7477-787d-60b2-3fa70e56fbbc} aComponent={HostWrap} aText={Could not load the Host USB Proxy Service (VERR_FILE_NOT_FOUND). The service might not be installed on the host computer}, preserve=true  aResultDetail=0
01:41:13.458514          ERROR [COM]: aRC=NEUM_E_INVALID_OBJECT_STATE (0x80bb0007) aIID={f30138d4-e5ea-7b3a-8858-a059de4c93fd} aComponent={MachineWrap} aText={The given session is busy}, preserve=false aResultDetail=0
02:17:59.786752 main     ERROR [COM]: aRC=NEUM_E_OBJECT_IN_USE (0x80bb000c) aIID={4afe423b-73e0-e9d0-82e8-ceb307940dda} aComponent={MediumWrap} aText={Medium 'C:\Program Files (x86)\MuMu a\mumu3\Engine\NEMU_ENGINE\SHELL\6.0\x86_64\master\#0\vms\assistant-6.0-x64\myandrovm_vbox86\myandrovm_vbox86-disk1.vdi' cannot be closed because it is still attached to 1 virtual machines}, preserve=false aResultDetail=0
02:17:59.786752 main     ERROR [COM]: aRC=NEUM_E_OBJECT_IN_USE (0x80bb000c) aIID={4afe423b-73e0-e9d0-82e8-ceb307940dda} aComponent={MediumWrap} aText={Medium 'C:\Program Files (x86)\MuMu a\mumu3\Engine\NEMU_ENGINE\SHELL\6.0\x86_64\master\#0\vms\assistant-6.0-x64\myandrovm_vbox86\myandrovm_vbox86-disk2.vdi' cannot be closed because it is still attached to 1 virtual machines}, preserve=false aResultDetail=0
02:17:59.786752 main     ERROR [COM]: aRC=NEUM_E_OBJECT_IN_USE (0x80bb000c) aIID={4afe423b-73e0-e9d0-82e8-ceb307940dda} aComponent={MediumWrap} aText={Medium 'C:\Program Files (x86)\MuMu a\mumu3\Engine\NEMU_ENGINE\SHELL\6.0\x86\master\#0\vms\assistant-6.0-x86\myandrovm_vbox86\myandrovm_vbox86-disk1.vdi' cannot be closed because it is still attached to 1 virtual machines}, preserve=false aResultDetail=0
02:17:59.786752 main     ERROR [COM]: aRC=NEUM_E_OBJECT_IN_USE (0x80bb000c) aIID={4afe423b-73e0-e9d0-82e8-ceb307940dda} aComponent={MediumWrap} aText={Medium 'C:\Program Files (x86)\MuMu a\mumu3\Engine\NEMU_ENGINE\SHELL\6.0\x86\master\#0\vms\assistant-6.0-x86\myandrovm_vbox86\myandrovm_vbox86-disk2.vdi' cannot be closed because it is still attached to 1 virtual machines}, preserve=false aResultDetail=0
02:17:59.802380 Watcher  ERROR [COM]: aRC=E_ACCESSDENIED (0x80070005) aIID={0169423f-76b4-cde9-91af-1e9d5b6cd945} aComponent={VirtualBoxWrap} aText={The object is not ready}, preserve=false aResultDetail=0
